2025-09-10 23:37:04,820 - INFO - WAV2HYP processor initialized
2025-09-10 23:37:04,821 - INFO - Starting WAV2HYP processing from 2004-09-23T00:00:00.000000Z to 2004-09-25T00:00:00.000000Z
2025-09-10 23:37:04,821 - INFO - Loading station inventory...
2025-09-10 23:38:04,217 - INFO - WAV2HYP processor initialized
2025-09-10 23:38:04,218 - INFO - Starting WAV2HYP processing from 2004-09-23T00:00:00.000000Z to 2004-09-25T00:00:00.000000Z
2025-09-10 23:38:04,218 - INFO - Loading station inventory...
2025-09-10 23:39:10,765 - INFO - WAV2HYP processor initialized
2025-09-10 23:39:10,765 - INFO - Starting WAV2HYP processing from 2004-09-23T00:00:00.000000Z to 2004-09-25T00:00:00.000000Z
2025-09-10 23:39:10,765 - INFO - Loading station inventory...
2025-09-10 23:39:10,861 - INFO - Downloading waveforms from 2004-09-23T00:00:00.000000Z to 2004-09-25T00:00:00.000000Z...
2025-09-10 23:41:55,952 - INFO - Running phase picker...
2025-09-10 23:47:33,579 - INFO - Picking execution time: 337.58 seconds
2025-09-10 23:47:41,102 - INFO - Detections: 22530 | P picks: 19667 | S picks: 60999
2025-09-10 23:47:42,065 - INFO - Running event association...
2025-09-11 00:30:32,952 - INFO - Association execution time: 2570.86 seconds
2025-09-11 00:30:32,988 - INFO - Associated 1733 events
2025-09-11 00:30:44,618 - INFO - Running earthquake location...
2025-09-11 00:58:03,202 - INFO - WAV2HYP processor initialized
2025-09-11 00:58:03,202 - INFO - Starting WAV2HYP processing from 2004-09-23T00:00:00.000000Z to 2004-09-25T00:00:00.000000Z
2025-09-11 00:58:03,202 - INFO - Loading station inventory...
2025-09-11 00:58:03,298 - INFO - Skipping picker step as requested...
2025-09-11 00:58:13,943 - INFO - Running event association...
2025-09-11 01:05:51,471 - INFO - WAV2HYP processor initialized
2025-09-11 01:05:51,471 - INFO - Starting WAV2HYP processing from 2004-09-23T00:00:00.000000Z to 2004-09-25T00:00:00.000000Z
2025-09-11 01:05:51,471 - INFO - Loading station inventory...
2025-09-11 01:05:51,566 - INFO - Skipping picker step as requested...
2025-09-11 01:06:02,333 - INFO - Running event association...
2025-09-11 01:46:45,179 - INFO - Association execution time: 2442.82 seconds
2025-09-11 01:46:45,220 - INFO - Associated 1733 events
2025-09-11 01:46:56,702 - INFO - Running earthquake location...
2025-09-11 02:32:47,467 - INFO - Located 1739 events
2025-09-11 02:32:47,467 - INFO - WAV2HYP processing completed!
2025-09-11 15:37:14,190 - INFO - WAV2HYP processor initialized
2025-09-11 15:37:14,190 - INFO - Starting WAV2HYP processing from 2004-09-25T00:00:00.000000Z to 2004-10-04T00:00:00.000000Z
2025-09-11 15:37:14,190 - INFO - Loading station inventory from: ./examples/sthelens_inventory_redpy.xml
2025-09-11 15:37:14,286 - INFO - Processing 9 time chunks of 1d each
2025-09-11 15:37:14,286 - INFO - Processing chunk 1/9: 2004-09-25T00:00:00.000000Z to 2004-09-26T00:00:00.000000Z
2025-09-11 15:37:14,286 - INFO - Processing timespan: 2004-09-25T00:00:00.000000Z to 2004-09-26T00:00:00.000000Z
2025-09-11 15:37:14,287 - INFO - Downloading waveforms from 2004-09-25T00:00:00.000000Z to 2004-09-26T00:00:00.000000Z...
2025-09-11 15:38:42,367 - INFO - Running phase picker...
2025-09-11 15:41:43,641 - INFO - Picking execution time: 181.23 seconds
2025-09-11 15:41:48,693 - INFO - Detections: 12115 | P picks: 10372 | S picks: 32507
2025-09-11 15:41:49,416 - INFO - Running event association...
2025-09-13 18:17:17,560 - INFO - WAV2HYP processor initialized
2025-09-13 18:17:17,577 - INFO - Starting WAV2HYP processing from 2004-09-25T00:00:00.000000Z to 2004-10-06T00:00:00.000000Z
2025-09-13 18:17:17,577 - INFO - Loading station inventory from: ./examples/sthelens_inventory_redpy.xml
2025-09-13 18:17:17,680 - INFO - Processing 11 time chunks of 1d each
2025-09-13 18:17:17,680 - INFO - Processing chunk 1/11: 2004-09-25T00:00:00.000000Z to 2004-09-26T00:00:00.000000Z
2025-09-13 18:17:17,680 - INFO - Downloading waveforms from 2004-09-25T00:00:00.000000Z to 2004-09-26T00:00:00.000000Z...
2025-09-13 18:18:25,580 - INFO - Waveforms gathered: 67.90s
2025-09-13 18:18:25,580 - INFO - Running phase picker from 2004-09-25T00:00:00.000000Z to 2004-09-26T00:00:00.000000Z...
2025-09-13 18:26:50,283 - INFO - EQTransformer execution time: 504.65 seconds
2025-09-13 18:26:55,634 - INFO - Detections: 12115 | P picks: 10372 | S picks: 32507
2025-09-13 18:26:56,612 - INFO - Picker completed: 578.93s (9.6 minutes)
2025-09-13 18:26:56,630 - INFO - Running event association from 2004-09-25T00:00:00.000000Z to 2004-09-26T00:00:00.000000Z...
2025-09-13 18:47:42,535 - INFO - PyOcto execution time: 1245.86 seconds
2025-09-13 18:47:42,561 - INFO - Associations: 795 events, 10512 assignments
2025-09-13 18:47:42,562 - INFO - Writing associations to ./results/sthelens/associations/pyocto.h5
2025-09-13 18:47:48,308 - INFO - Associator completed: 1251.68s (20.9 minutes)
2025-09-13 18:47:48,323 - INFO - Running earthquake location from  2004-09-25T00:00:00.000000Z to 2004-09-26T00:00:00.000000Z...
2025-09-13 18:47:48,675 - INFO - Converted assocations to NLL_OBS files: (./results/spurr/locations/nll_sthelens/./obs-2004-09-25)
2025-09-13 18:47:48,676 - INFO - Writing NLL control file: (./results/spurr/locations/nll_sthelens/sthelens.in)
2025-09-13 19:07:47,622 - INFO - NonLinLoc execution time: 1198.95s (20.0 minutes)
2025-09-13 19:07:47,622 - INFO - Reading NonLinLoc hyp files: (./results/spurr/locations/nll_sthelens/loc-2004-09-25/sthelens*.hyp)
2025-09-13 19:07:51,854 - INFO - Writing locations to ./results/sthelens/locations/nll.h5
2025-09-13 19:09:02,522 - INFO - Locator completed: 1274.21s (21.2 minutes)
2025-09-13 19:09:02,523 - INFO - Timespan completed. Execution time: 3104.84 seconds (51.75 minutes)
2025-09-13 19:09:02,619 - INFO - Processing chunk 2/11: 2004-09-26T00:00:00.000000Z to 2004-09-27T00:00:00.000000Z
2025-09-13 19:09:02,619 - INFO - Downloading waveforms from 2004-09-26T00:00:00.000000Z to 2004-09-27T00:00:00.000000Z...
2025-09-13 19:10:09,563 - INFO - Waveforms gathered: 66.94s
2025-09-13 19:10:09,564 - INFO - Running phase picker from 2004-09-26T00:00:00.000000Z to 2004-09-27T00:00:00.000000Z...
2025-09-13 19:18:54,103 - INFO - EQTransformer execution time: 524.48 seconds
2025-09-13 19:18:58,258 - INFO - Detections: 13236 | P picks: 11564 | S picks: 36032
2025-09-13 19:18:59,371 - INFO - Picker completed: 596.75s (9.9 minutes)
2025-09-13 19:18:59,384 - INFO - Running event association from 2004-09-26T00:00:00.000000Z to 2004-09-27T00:00:00.000000Z...
2025-09-13 19:49:11,531 - INFO - PyOcto execution time: 1812.10 seconds
2025-09-13 19:49:11,563 - INFO - Associations: 1193 events, 15064 assignments
2025-09-13 19:49:11,563 - INFO - Writing associations to ./results/sthelens/associations/pyocto.h5
2025-09-13 19:49:18,851 - INFO - Associator completed: 1819.47s (30.3 minutes)
2025-09-13 19:49:18,857 - INFO - Running earthquake location from  2004-09-26T00:00:00.000000Z to 2004-09-27T00:00:00.000000Z...
2025-09-13 19:49:19,417 - INFO - Converted assocations to NLL_OBS files: (./results/spurr/locations/nll_sthelens/./obs-2004-09-26)
2025-09-13 19:49:19,430 - INFO - Writing NLL control file: (./results/spurr/locations/nll_sthelens/sthelens.in)
2025-09-13 20:18:39,417 - INFO - NonLinLoc execution time: 1759.99s (29.3 minutes)
2025-09-13 20:18:39,417 - INFO - Reading NonLinLoc hyp files: (./results/spurr/locations/nll_sthelens/loc-2004-09-26/sthelens*.hyp)
2025-09-13 20:18:45,667 - INFO - Writing locations to ./results/sthelens/locations/nll.h5
2025-09-13 20:20:30,971 - INFO - Locator completed: 1872.11s (31.2 minutes)
2025-09-13 20:20:30,971 - INFO - Timespan completed. Execution time: 4288.35 seconds (71.47 minutes)
2025-09-13 20:20:31,091 - INFO - Processing chunk 3/11: 2004-09-27T00:00:00.000000Z to 2004-09-28T00:00:00.000000Z
2025-09-13 20:20:31,091 - INFO - Downloading waveforms from 2004-09-27T00:00:00.000000Z to 2004-09-28T00:00:00.000000Z...
2025-09-13 20:21:41,374 - INFO - Waveforms gathered: 70.28s
2025-09-13 20:21:41,376 - INFO - Running phase picker from 2004-09-27T00:00:00.000000Z to 2004-09-28T00:00:00.000000Z...
2025-09-13 20:29:43,009 - INFO - EQTransformer execution time: 481.59 seconds
2025-09-13 20:29:47,423 - INFO - Detections: 15514 | P picks: 13509 | S picks: 41973
2025-09-13 20:29:48,750 - INFO - Picker completed: 557.66s (9.3 minutes)
2025-09-13 20:29:48,850 - INFO - Running event association from 2004-09-27T00:00:00.000000Z to 2004-09-28T00:00:00.000000Z...
2025-09-13 21:19:52,145 - INFO - PyOcto execution time: 3003.27 seconds
2025-09-13 21:19:52,235 - INFO - Associations: 1355 events, 18499 assignments
2025-09-13 21:19:52,235 - INFO - Writing associations to ./results/sthelens/associations/pyocto.h5
2025-09-13 21:20:01,210 - INFO - Associator completed: 3012.36s (50.2 minutes)
2025-09-13 21:20:01,293 - INFO - Running earthquake location from  2004-09-27T00:00:00.000000Z to 2004-09-28T00:00:00.000000Z...
2025-09-13 21:20:01,955 - INFO - Converted assocations to NLL_OBS files: (./results/spurr/locations/nll_sthelens/./obs-2004-09-27)
2025-09-13 21:20:01,967 - INFO - Writing NLL control file: (./results/spurr/locations/nll_sthelens/sthelens.in)
2025-09-13 21:55:07,669 - INFO - NonLinLoc execution time: 2105.70s (35.1 minutes)
2025-09-13 21:55:07,670 - INFO - Reading NonLinLoc hyp files: (./results/spurr/locations/nll_sthelens/loc-2004-09-27/sthelens*.hyp)
2025-09-13 21:55:15,064 - INFO - Writing locations to ./results/sthelens/locations/nll.h5
2025-09-13 21:57:37,385 - INFO - Locator completed: 2256.09s (37.6 minutes)
2025-09-13 21:57:37,386 - INFO - Timespan completed. Execution time: 5826.29 seconds (97.10 minutes)
2025-09-13 21:57:37,541 - INFO - Processing chunk 4/11: 2004-09-28T00:00:00.000000Z to 2004-09-29T00:00:00.000000Z
2025-09-13 21:57:37,541 - INFO - Downloading waveforms from 2004-09-28T00:00:00.000000Z to 2004-09-29T00:00:00.000000Z...
2025-09-13 21:58:53,243 - INFO - Waveforms gathered: 75.70s
2025-09-13 21:58:53,245 - INFO - Running phase picker from 2004-09-28T00:00:00.000000Z to 2004-09-29T00:00:00.000000Z...
2025-09-13 22:05:45,075 - INFO - EQTransformer execution time: 411.78 seconds
2025-09-13 22:05:50,485 - INFO - Detections: 19624 | P picks: 17906 | S picks: 54256
2025-09-13 22:05:52,054 - INFO - Picker completed: 494.51s (8.2 minutes)
2025-09-13 22:05:52,091 - INFO - Running event association from 2004-09-28T00:00:00.000000Z to 2004-09-29T00:00:00.000000Z...
2025-09-13 23:12:35,698 - INFO - PyOcto execution time: 4003.38 seconds
2025-09-13 23:12:35,817 - INFO - Associations: 1766 events, 24979 assignments
2025-09-13 23:12:35,817 - INFO - Writing associations to ./results/sthelens/associations/pyocto.h5
2025-09-13 23:12:48,908 - INFO - Associator completed: 4016.82s (66.9 minutes)
2025-09-13 23:12:48,955 - INFO - Running earthquake location from  2004-09-28T00:00:00.000000Z to 2004-09-29T00:00:00.000000Z...
2025-09-13 23:12:49,717 - INFO - Converted assocations to NLL_OBS files: (./results/spurr/locations/nll_sthelens/./obs-2004-09-28)
2025-09-13 23:12:49,724 - INFO - Writing NLL control file: (./results/spurr/locations/nll_sthelens/sthelens.in)
2025-09-14 00:00:06,239 - INFO - NonLinLoc execution time: 2836.51s (47.3 minutes)
2025-09-14 00:00:06,239 - INFO - Reading NonLinLoc hyp files: (./results/spurr/locations/nll_sthelens/loc-2004-09-28/sthelens*.hyp)
2025-09-14 00:00:15,254 - INFO - Writing locations to ./results/sthelens/locations/nll.h5
2025-09-14 00:03:24,416 - INFO - Locator completed: 3035.46s (50.6 minutes)
2025-09-14 00:03:24,417 - INFO - Timespan completed. Execution time: 7546.88 seconds (125.78 minutes)
2025-09-14 00:03:24,625 - INFO - Processing chunk 5/11: 2004-09-29T00:00:00.000000Z to 2004-09-30T00:00:00.000000Z
2025-09-14 00:03:24,625 - INFO - Downloading waveforms from 2004-09-29T00:00:00.000000Z to 2004-09-30T00:00:00.000000Z...
2025-09-14 00:04:44,837 - INFO - Waveforms gathered: 80.21s
2025-09-14 00:04:44,839 - INFO - Running phase picker from 2004-09-29T00:00:00.000000Z to 2004-09-30T00:00:00.000000Z...
2025-09-14 00:07:41,044 - INFO - EQTransformer execution time: 175.61 seconds
2025-09-14 00:07:45,997 - INFO - Detections: 19354 | P picks: 16906 | S picks: 52160
2025-09-14 00:07:47,607 - INFO - Picker completed: 262.98s (4.4 minutes)
2025-09-14 00:07:47,683 - INFO - Running event association from 2004-09-29T00:00:00.000000Z to 2004-09-30T00:00:00.000000Z...
2025-09-14 00:50:29,391 - INFO - PyOcto execution time: 2561.53 seconds
2025-09-14 00:50:29,432 - INFO - Associations: 1651 events, 23277 assignments
2025-09-14 00:50:29,432 - INFO - Writing associations to ./results/sthelens/associations/pyocto.h5
2025-09-14 00:50:39,896 - INFO - Associator completed: 2572.21s (42.9 minutes)
2025-09-14 00:50:39,897 - INFO - Running earthquake location from  2004-09-29T00:00:00.000000Z to 2004-09-30T00:00:00.000000Z...
2025-09-14 00:50:40,580 - INFO - Converted assocations to NLL_OBS files: (./results/spurr/locations/nll_sthelens/./obs-2004-09-29)
2025-09-14 00:50:40,581 - INFO - Writing NLL control file: (./results/spurr/locations/nll_sthelens/sthelens.in)
2025-09-14 01:34:44,811 - INFO - NonLinLoc execution time: 2644.23s (44.1 minutes)
2025-09-14 01:34:44,811 - INFO - Reading NonLinLoc hyp files: (./results/spurr/locations/nll_sthelens/loc-2004-09-29/sthelens*.hyp)
2025-09-14 01:34:51,972 - INFO - Writing locations to ./results/sthelens/locations/nll.h5
2025-09-14 01:38:54,043 - INFO - Locator completed: 2894.15s (48.2 minutes)
2025-09-14 01:38:54,044 - INFO - Timespan completed. Execution time: 5729.42 seconds (95.49 minutes)
2025-09-14 01:38:54,237 - INFO - Processing chunk 6/11: 2004-09-30T00:00:00.000000Z to 2004-10-01T00:00:00.000000Z
2025-09-14 01:38:54,238 - INFO - Downloading waveforms from 2004-09-30T00:00:00.000000Z to 2004-10-01T00:00:00.000000Z...
2025-09-14 01:40:23,852 - INFO - Waveforms gathered: 89.61s
2025-09-14 01:40:23,852 - INFO - Running phase picker from 2004-09-30T00:00:00.000000Z to 2004-10-01T00:00:00.000000Z...
2025-09-14 01:43:46,494 - INFO - EQTransformer execution time: 202.60 seconds
2025-09-14 01:43:51,746 - INFO - Detections: 20089 | P picks: 17258 | S picks: 53137
2025-09-14 01:43:53,522 - INFO - Picker completed: 299.28s (5.0 minutes)
2025-09-14 01:43:53,536 - INFO - Running event association from 2004-09-30T00:00:00.000000Z to 2004-10-01T00:00:00.000000Z...
2025-09-14 02:33:35,339 - INFO - PyOcto execution time: 2981.78 seconds
2025-09-14 02:33:35,379 - INFO - Associations: 1693 events, 23685 assignments
2025-09-14 02:33:35,379 - INFO - Writing associations to ./results/sthelens/associations/pyocto.h5
2025-09-14 02:33:45,957 - INFO - Associator completed: 2992.42s (49.9 minutes)
2025-09-14 02:33:45,958 - INFO - Running earthquake location from  2004-09-30T00:00:00.000000Z to 2004-10-01T00:00:00.000000Z...
2025-09-14 02:33:46,683 - INFO - Converted assocations to NLL_OBS files: (./results/spurr/locations/nll_sthelens/./obs-2004-09-30)
2025-09-14 02:33:46,684 - INFO - Writing NLL control file: (./results/spurr/locations/nll_sthelens/sthelens.in)
2025-09-14 03:18:24,490 - INFO - NonLinLoc execution time: 2677.81s (44.6 minutes)
2025-09-14 03:18:24,491 - INFO - Reading NonLinLoc hyp files: (./results/spurr/locations/nll_sthelens/loc-2004-09-30/sthelens*.hyp)
2025-09-14 03:18:33,882 - INFO - Writing locations to ./results/sthelens/locations/nll.h5
2025-09-14 03:23:29,361 - INFO - Locator completed: 2983.40s (49.7 minutes)
2025-09-14 03:23:29,362 - INFO - Timespan completed. Execution time: 6275.12 seconds (104.59 minutes)
2025-09-14 03:23:29,565 - INFO - Processing chunk 7/11: 2004-10-01T00:00:00.000000Z to 2004-10-02T00:00:00.000000Z
2025-09-14 03:23:29,565 - INFO - Downloading waveforms from 2004-10-01T00:00:00.000000Z to 2004-10-02T00:00:00.000000Z...
2025-09-14 03:24:50,741 - INFO - Waveforms gathered: 81.18s
2025-09-14 03:24:50,743 - INFO - Running phase picker from 2004-10-01T00:00:00.000000Z to 2004-10-02T00:00:00.000000Z...
2025-09-14 03:27:44,921 - INFO - EQTransformer execution time: 174.13 seconds
2025-09-14 03:27:49,737 - INFO - Detections: 18646 | P picks: 15386 | S picks: 47960
2025-09-14 03:27:51,606 - INFO - Picker completed: 262.04s (4.4 minutes)
2025-09-14 03:27:51,614 - INFO - Running event association from 2004-10-01T00:00:00.000000Z to 2004-10-02T00:00:00.000000Z...
2025-09-14 04:17:00,345 - INFO - PyOcto execution time: 2948.71 seconds
2025-09-14 04:17:00,380 - INFO - Associations: 1403 events, 18158 assignments
2025-09-14 04:17:00,380 - INFO - Writing associations to ./results/sthelens/associations/pyocto.h5
2025-09-14 04:17:08,908 - INFO - Associator completed: 2957.29s (49.3 minutes)
2025-09-14 04:17:08,908 - INFO - Running earthquake location from  2004-10-01T00:00:00.000000Z to 2004-10-02T00:00:00.000000Z...
2025-09-14 04:17:09,466 - INFO - Converted assocations to NLL_OBS files: (./results/spurr/locations/nll_sthelens/./obs-2004-10-01)
2025-09-14 04:17:09,467 - INFO - Writing NLL control file: (./results/spurr/locations/nll_sthelens/sthelens.in)
2025-09-14 04:52:19,142 - INFO - NonLinLoc execution time: 2109.67s (35.2 minutes)
2025-09-14 04:52:19,142 - INFO - Reading NonLinLoc hyp files: (./results/spurr/locations/nll_sthelens/loc-2004-10-01/sthelens*.hyp)
2025-09-14 04:52:25,017 - INFO - Writing locations to ./results/sthelens/locations/nll.h5
2025-09-14 04:58:08,567 - INFO - Locator completed: 2459.66s (41.0 minutes)
2025-09-14 04:58:08,568 - INFO - Timespan completed. Execution time: 5679.00 seconds (94.65 minutes)
2025-09-14 04:58:08,734 - INFO - Processing chunk 8/11: 2004-10-02T00:00:00.000000Z to 2004-10-03T00:00:00.000000Z
2025-09-14 04:58:08,734 - INFO - Downloading waveforms from 2004-10-02T00:00:00.000000Z to 2004-10-03T00:00:00.000000Z...
2025-09-14 04:59:31,268 - INFO - Waveforms gathered: 82.53s
2025-09-14 04:59:31,269 - INFO - Running phase picker from 2004-10-02T00:00:00.000000Z to 2004-10-03T00:00:00.000000Z...
2025-09-14 05:02:51,209 - INFO - EQTransformer execution time: 199.89 seconds
2025-09-14 05:02:55,929 - INFO - Detections: 17940 | P picks: 15566 | S picks: 47538
2025-09-14 05:02:58,221 - INFO - Picker completed: 289.49s (4.8 minutes)
2025-09-14 05:02:58,234 - INFO - Running event association from 2004-10-02T00:00:00.000000Z to 2004-10-03T00:00:00.000000Z...
2025-09-14 06:02:58,704 - INFO - PyOcto execution time: 3600.39 seconds
2025-09-14 06:02:58,745 - INFO - Associations: 1604 events, 19820 assignments
2025-09-14 06:02:58,745 - INFO - Writing associations to ./results/sthelens/associations/pyocto.h5
2025-09-14 06:03:08,322 - INFO - Associator completed: 3610.09s (60.2 minutes)
2025-09-14 06:03:08,323 - INFO - Running earthquake location from  2004-10-02T00:00:00.000000Z to 2004-10-03T00:00:00.000000Z...
2025-09-14 06:03:08,958 - INFO - Converted assocations to NLL_OBS files: (./results/spurr/locations/nll_sthelens/./obs-2004-10-02)
2025-09-14 06:03:08,968 - INFO - Writing NLL control file: (./results/spurr/locations/nll_sthelens/sthelens.in)
2025-09-14 06:41:26,636 - INFO - NonLinLoc execution time: 2297.67s (38.3 minutes)
2025-09-14 06:41:26,637 - INFO - Reading NonLinLoc hyp files: (./results/spurr/locations/nll_sthelens/loc-2004-10-02/sthelens*.hyp)
2025-09-14 06:41:36,171 - INFO - Writing locations to ./results/sthelens/locations/nll.h5
2025-09-14 06:48:04,933 - INFO - Locator completed: 2696.61s (44.9 minutes)
2025-09-14 06:48:04,934 - INFO - Timespan completed. Execution time: 6596.20 seconds (109.94 minutes)
2025-09-14 06:48:05,111 - INFO - Processing chunk 9/11: 2004-10-03T00:00:00.000000Z to 2004-10-04T00:00:00.000000Z
2025-09-14 06:48:05,111 - INFO - Downloading waveforms from 2004-10-03T00:00:00.000000Z to 2004-10-04T00:00:00.000000Z...
2025-09-14 06:49:31,510 - INFO - Waveforms gathered: 86.40s
2025-09-14 06:49:31,511 - INFO - Running phase picker from 2004-10-03T00:00:00.000000Z to 2004-10-04T00:00:00.000000Z...
2025-09-14 06:52:50,163 - INFO - EQTransformer execution time: 198.55 seconds
2025-09-14 06:52:55,200 - INFO - Detections: 18845 | P picks: 16232 | S picks: 49753
2025-09-14 06:52:58,474 - INFO - Picker completed: 293.36s (4.9 minutes)
2025-09-14 06:52:58,488 - INFO - Running event association from 2004-10-03T00:00:00.000000Z to 2004-10-04T00:00:00.000000Z...
2025-09-14 07:42:23,048 - INFO - PyOcto execution time: 2964.27 seconds
2025-09-14 07:42:23,090 - INFO - Associations: 1680 events, 20997 assignments
2025-09-14 07:42:23,091 - INFO - Writing associations to ./results/sthelens/associations/pyocto.h5
2025-09-14 07:42:32,851 - INFO - Associator completed: 2974.36s (49.6 minutes)
2025-09-14 07:42:32,852 - INFO - Running earthquake location from  2004-10-03T00:00:00.000000Z to 2004-10-04T00:00:00.000000Z...
2025-09-14 07:42:33,544 - INFO - Converted assocations to NLL_OBS files: (./results/spurr/locations/nll_sthelens/./obs-2004-10-03)
2025-09-14 07:42:33,552 - INFO - Writing NLL control file: (./results/spurr/locations/nll_sthelens/sthelens.in)
2025-09-14 08:22:47,718 - INFO - NonLinLoc execution time: 2414.17s (40.2 minutes)
2025-09-14 08:22:47,724 - INFO - Reading NonLinLoc hyp files: (./results/spurr/locations/nll_sthelens/loc-2004-10-03/sthelens*.hyp)
2025-09-14 08:22:58,995 - INFO - Writing locations to ./results/sthelens/locations/nll.h5
2025-09-14 08:30:14,227 - INFO - Locator completed: 2861.37s (47.7 minutes)
2025-09-14 08:30:14,231 - INFO - Timespan completed. Execution time: 6129.12 seconds (102.15 minutes)
2025-09-14 08:30:14,433 - INFO - Processing chunk 10/11: 2004-10-04T00:00:00.000000Z to 2004-10-05T00:00:00.000000Z
2025-09-14 08:30:14,433 - INFO - Downloading waveforms from 2004-10-04T00:00:00.000000Z to 2004-10-05T00:00:00.000000Z...
2025-09-14 08:31:39,876 - INFO - Waveforms gathered: 85.44s
2025-09-14 08:31:39,877 - INFO - Running phase picker from 2004-10-04T00:00:00.000000Z to 2004-10-05T00:00:00.000000Z...
2025-09-14 08:34:51,258 - INFO - EQTransformer execution time: 190.97 seconds
2025-09-14 08:34:56,514 - INFO - Detections: 19951 | P picks: 16812 | S picks: 51584
2025-09-14 08:34:59,935 - INFO - Picker completed: 285.50s (4.8 minutes)
2025-09-14 08:34:59,972 - INFO - Running event association from 2004-10-04T00:00:00.000000Z to 2004-10-05T00:00:00.000000Z...
2025-09-14 09:31:04,654 - INFO - PyOcto execution time: 3364.43 seconds
2025-09-14 09:31:04,770 - INFO - Associations: 1701 events, 20711 assignments
2025-09-14 09:31:04,771 - INFO - Writing associations to ./results/sthelens/associations/pyocto.h5
2025-09-14 09:31:19,091 - INFO - Associator completed: 3379.12s (56.3 minutes)
2025-09-14 09:31:19,092 - INFO - Running earthquake location from  2004-10-04T00:00:00.000000Z to 2004-10-05T00:00:00.000000Z...
2025-09-14 09:31:19,807 - INFO - Converted assocations to NLL_OBS files: (./results/spurr/locations/nll_sthelens/./obs-2004-10-04)
2025-09-14 09:31:19,808 - INFO - Writing NLL control file: (./results/spurr/locations/nll_sthelens/sthelens.in)
2025-09-14 10:11:27,692 - INFO - NonLinLoc execution time: 2407.88s (40.1 minutes)
2025-09-14 10:11:27,695 - INFO - Reading NonLinLoc hyp files: (./results/spurr/locations/nll_sthelens/loc-2004-10-04/sthelens*.hyp)
2025-09-14 10:11:34,641 - INFO - Writing locations to ./results/sthelens/locations/nll.h5
2025-09-14 10:19:42,267 - INFO - Locator completed: 2903.18s (48.4 minutes)
2025-09-14 10:19:42,278 - INFO - Timespan completed. Execution time: 6567.84 seconds (109.46 minutes)
2025-09-14 10:19:42,477 - INFO - Processing chunk 11/11: 2004-10-05T00:00:00.000000Z to 2004-10-06T00:00:00.000000Z
2025-09-14 10:19:42,477 - INFO - Downloading waveforms from 2004-10-05T00:00:00.000000Z to 2004-10-06T00:00:00.000000Z...
2025-09-14 10:20:57,652 - INFO - Waveforms gathered: 75.18s
2025-09-14 10:20:57,653 - INFO - Running phase picker from 2004-10-05T00:00:00.000000Z to 2004-10-06T00:00:00.000000Z...
2025-09-16 18:36:15,475 - INFO - WAV2HYP processor initialized
2025-09-16 18:36:15,489 - INFO - Starting WAV2HYP processing from 2004-10-04T00:00:00.000000Z to 2004-10-05T00:00:00.000000Z
2025-09-16 18:36:15,489 - INFO - Loading station inventory from: ./examples/sthelens_inventory_redpy.xml
2025-09-16 18:36:15,746 - INFO - Processing 1 time chunks of 1d each
2025-09-16 18:36:15,747 - INFO - Processing chunk 1/1: 2004-10-04T00:00:00.000000Z to 2004-10-05T00:00:00.000000Z
2025-09-16 18:36:15,747 - INFO - Downloading waveforms from 2004-10-04T00:00:00.000000Z to 2004-10-05T00:00:00.000000Z...
2025-09-17 00:35:40,809 - INFO - Initializing waveform client with datasource: /VDAP-NAS/jwellik/DATA/CVO/MSH2004_SDS
2025-09-17 00:35:40,809 - INFO - WAV2HYP processor initialized
2025-09-17 00:35:40,810 - INFO - Starting WAV2HYP processing from 2025-10-05T00:00:00.000000Z to 2025-10-06T00:00:00.000000Z
2025-09-17 00:35:40,810 - INFO - Loading station inventory from: ./examples/sthelens_inventory_redpy.xml
2025-09-17 00:35:40,904 - INFO - Processing 1 time chunks of 1d each
2025-09-17 00:35:40,905 - INFO - Processing chunk 1/1: 2025-10-05T00:00:00.000000Z to 2025-10-06T00:00:00.000000Z
2025-09-17 00:35:40,905 - INFO - Downloading waveforms from 2025-10-05T00:00:00.000000Z to 2025-10-06T00:00:00.000000Z...
2025-09-17 00:35:40,925 - INFO - Waveforms gathered: 0.02s
2025-09-17 00:35:40,925 - INFO - Running phase picker from 2025-10-05T00:00:00.000000Z to 2025-10-06T00:00:00.000000Z...
2025-09-17 00:35:41,322 - INFO - EQTransformer execution time: 0.00 seconds
2025-09-17 00:35:41,323 - INFO - Detections:     0 | P picks:     0 | S picks:     0
2025-09-17 00:35:44,042 - INFO - Picker completed: 3.14s (0.1 minutes)
2025-09-17 00:35:44,042 - INFO - Running event association from 2025-10-05T00:00:00.000000Z to 2025-10-06T00:00:00.000000Z...
2025-09-17 00:35:44,042 - INFO - No picks available for association - skipping association processing
2025-09-17 00:35:44,121 - INFO - Running earthquake location from  2025-10-05T00:00:00.000000Z to 2025-10-06T00:00:00.000000Z...
2025-09-17 00:35:44,121 - INFO - No associations in catalog - skipping location processing
2025-09-17 00:35:44,121 - INFO - Timespan completed. Execution time: 3.22 seconds (0.05 minutes)
2025-09-17 00:35:44,121 - INFO - WAV2HYP processing completed! Events processed: 0
2025-09-17 00:35:44,121 - INFO - Total execution time: 3.31 seconds (0.06 minutes)
2025-09-22 16:04:22,403 - INFO - Initializing waveform client with datasource: /VDAP-NAS/jwellik/DATA/CVO/MSH2004_SDS
2025-09-22 16:04:22,403 - INFO - WAV2HYP processor initialized
2025-09-22 16:04:22,404 - INFO - Starting WAV2HYP processing from 2004-10-05T00:00:00.000000Z to 2004-10-06T00:00:00.000000Z
2025-09-22 16:04:22,404 - INFO - Loading station inventory from: ./examples/sthelens_inventory_redpy.xml
2025-09-22 16:04:22,499 - INFO - Processing 1 time chunks of 1d each
2025-09-22 16:04:22,500 - INFO - Processing chunk 1/1: 2004-10-05T00:00:00.000000Z to 2004-10-06T00:00:00.000000Z
2025-09-22 16:04:22,500 - INFO - Downloading waveforms from 2004-10-05T00:00:00.000000Z to 2004-10-06T00:00:00.000000Z...
2025-09-22 16:04:27,366 - INFO - Waveforms gathered: 4.87s
2025-09-22 16:04:27,367 - INFO - Running phase picker from 2004-10-05T00:00:00.000000Z to 2004-10-06T00:00:00.000000Z...
2025-09-22 16:07:09,045 - INFO - EQTransformer execution time: 161.63 seconds
2025-09-22 16:07:13,842 - INFO - Detections: 16798 | P picks: 13959 | S picks: 43414
2025-09-22 16:07:16,362 - INFO - Picker completed: 173.86s (2.9 minutes)
2025-09-22 16:07:16,367 - INFO - Running event association from 2004-10-05T00:00:00.000000Z to 2004-10-06T00:00:00.000000Z...
2025-09-22 16:35:08,621 - INFO - PyOcto execution time: 1672.14 seconds
2025-09-22 16:35:08,652 - INFO - Associations: 1403 events, 17516 assignments
2025-09-22 16:35:08,653 - INFO - Writing associations to ./results/sthelens/associations/pyocto.h5
2025-09-22 16:35:17,586 - INFO - Associator completed: 1681.22s (28.0 minutes)
2025-09-22 16:35:17,607 - INFO - Running earthquake location from  2004-10-05T00:00:00.000000Z to 2004-10-06T00:00:00.000000Z...
2025-09-22 16:35:18,177 - INFO - Converted assocations to NLL_OBS files: (./results/spurr/locations/nll_sthelens/./obs-2004-10-05)
2025-09-22 16:35:18,178 - INFO - Writing NLL control file: (./results/spurr/locations/nll_sthelens/sthelens.in)
2025-09-22 17:08:22,173 - INFO - NonLinLoc execution time: 1984.00s (33.1 minutes)
2025-09-22 17:08:22,183 - INFO - Reading NonLinLoc hyp files: (./results/spurr/locations/nll_sthelens/loc-2004-10-05/sthelens*.hyp)
2025-09-22 17:08:28,860 - INFO - Writing locations to ./results/sthelens/locations/nll.h5
2025-09-22 17:17:24,379 - INFO - Locator completed: 2526.78s (42.1 minutes)
2025-09-22 17:17:24,380 - INFO - Timespan completed. Execution time: 4381.88 seconds (73.03 minutes)
2025-09-22 17:17:24,520 - INFO - WAV2HYP processing completed! Events processed: 1403
2025-09-22 17:17:24,520 - INFO - Total execution time: 4382.12 seconds (73.04 minutes)
