2025-08-14 18:07:24,469 - INFO - Starting processing chunk 20241017_0000-20241018_0000
2025-08-14 18:07:24,469 - INFO - Downloading waveforms from 2024-10-17T00:00:00.000000Z to 2024-10-18T00:00:00.000000Z...
2025-08-14 18:08:18,239 - INFO - Running phase picker...
2025-08-14 18:12:58,170 - INFO - Running Event Association...
2025-08-14 18:14:06,403 - INFO - Running earthquake location...
2025-08-14 18:23:39,658 - INFO - Starting processing chunk 20241017_0000-20241018_0000
2025-08-14 18:23:39,658 - INFO - Downloading waveforms from 2024-10-17T00:00:00.000000Z to 2024-10-18T00:00:00.000000Z...
2025-08-14 18:24:33,399 - INFO - Running phase picker...
2025-08-14 18:29:30,354 - INFO - Running Event Association...
2025-08-14 18:30:44,676 - INFO - Running earthquake location...
2025-08-14 18:45:09,365 - INFO - Cleaning up NonLinLoc directories...
2025-08-14 18:45:09,378 - INFO - Cleared directory: ./results/spurr/locations/nll_spurr/obs/
2025-08-14 18:45:09,378 - INFO - Renamed directory: ./results/spurr/locations/nll_spurr/loc/volcano -> ./results/spurr/locations/nll_spurr/loc/volcano-2024-10-17
2025-08-14 18:45:09,378 - INFO - Completed processing chunk 20241017_0000-20241018_0000
2025-08-15 04:11:59,972 - INFO - Starting processing chunk 20241017_0000-20241018_0000
2025-08-15 04:11:59,973 - INFO - Downloading waveforms from 2024-10-17T00:00:00.000000Z to 2024-10-18T00:00:00.000000Z...
2025-08-15 04:13:22,461 - INFO - Running phase picker...
2025-08-15 04:26:09,742 - INFO - Running Event Association...
2025-08-15 04:28:32,701 - INFO - Running earthquake location...
2025-08-15 04:31:39,382 - INFO - Completed processing chunk 20241017_0000-20241018_0000
2025-08-15 05:02:27,908 - INFO - Starting processing chunk 20241017_0000-20241018_0000
2025-08-15 05:02:27,908 - INFO - Downloading waveforms from 2024-10-17T00:00:00.000000Z to 2024-10-18T00:00:00.000000Z...
2025-08-15 05:03:52,081 - INFO - Running phase picker...
2025-08-15 06:03:14,199 - INFO - Running Event Association...
2025-08-15 06:07:17,818 - INFO - Running earthquake location...
2025-08-15 06:15:03,881 - INFO - Completed processing chunk 20241017_0000-20241018_0000
